\BOOKMARK [0][-]{chapter*.1}{\376\377\000P\000r\000e\000f\000a\000c\000e}{}% 1
\BOOKMARK [1][-]{section*.2}{\376\377\000C\000h\000a\000p\000t\000e\000r\000\040\000D\000e\000p\000e\000n\000d\000e\000n\000c\000i\000e\000s}{chapter*.1}% 2
\BOOKMARK [1][-]{section*.3}{\376\377\000N\000o\000t\000a\000t\000i\000o\000n\000\040\000a\000n\000d\000\040\000S\000y\000m\000b\000o\000l\000s}{chapter*.1}% 3
\BOOKMARK [0][-]{chapter.1}{\376\377\000F\000o\000u\000n\000d\000a\000t\000i\000o\000n\000s\000:\000\040\000W\000h\000a\000t\000\040\000I\000s\000\040\000M\000a\000t\000h\000e\000m\000a\000t\000i\000c\000s\000?}{}% 4
\BOOKMARK [1][-]{section.1.1}{\376\377\000T\000h\000e\000\040\000B\000u\000i\000l\000d\000i\000n\000g\000\040\000B\000l\000o\000c\000k\000s\000\040\000o\000f\000\040\000T\000h\000o\000u\000g\000h\000t}{chapter.1}% 5
\BOOKMARK [2][-]{subsection.1.1.1}{\376\377\000A\000\040\000S\000i\000m\000p\000l\000e\000\040\000E\000x\000a\000m\000p\000l\000e\000:\000\040\000C\000o\000u\000n\000t\000i\000n\000g}{section.1.1}% 6
\BOOKMARK [2][-]{subsection.1.1.2}{\376\377\000T\000h\000e\000\040\000N\000e\000e\000d\000\040\000f\000o\000r\000\040\000P\000r\000e\000c\000i\000s\000i\000o\000n}{section.1.1}% 7
\BOOKMARK [1][-]{section.1.2}{\376\377\000T\000h\000e\000\040\000G\000a\000m\000e\000\040\000o\000f\000\040\000M\000a\000t\000h\000e\000m\000a\000t\000i\000c\000s}{chapter.1}% 8
\BOOKMARK [2][-]{subsection.1.2.1}{\376\377\000M\000a\000t\000h\000e\000m\000a\000t\000i\000c\000s\000\040\000a\000s\000\040\000a\000\040\000G\000a\000m\000e}{section.1.2}% 9
\BOOKMARK [2][-]{subsection.1.2.2}{\376\377\000W\000h\000a\000t\000\040\000A\000r\000e\000\040\000S\000y\000m\000b\000o\000l\000s\000?}{section.1.2}% 10
\BOOKMARK [1][-]{section.1.3}{\376\377\000B\000u\000i\000l\000d\000i\000n\000g\000\040\000M\000a\000t\000h\000e\000m\000a\000t\000i\000c\000s\000\040\000f\000r\000o\000m\000\040\000S\000c\000r\000a\000t\000c\000h}{chapter.1}% 11
\BOOKMARK [2][-]{subsection.1.3.1}{\376\377\000T\000h\000e\000\040\000B\000o\000o\000t\000s\000t\000r\000a\000p\000\040\000P\000r\000o\000b\000l\000e\000m}{section.1.3}% 12
\BOOKMARK [2][-]{subsection.1.3.2}{\376\377\000T\000h\000e\000\040\000L\000a\000d\000d\000e\000r\000\040\000o\000f\000\040\000A\000b\000s\000t\000r\000a\000c\000t\000i\000o\000n}{section.1.3}% 13
\BOOKMARK [1][-]{section.1.4}{\376\377\000S\000t\000r\000i\000n\000g\000s\000\040\000a\000n\000d\000\040\000E\000x\000p\000r\000e\000s\000s\000i\000o\000n\000s}{chapter.1}% 14
\BOOKMARK [2][-]{subsection.1.4.1}{\376\377\000A\000l\000p\000h\000a\000b\000e\000t\000s}{section.1.4}% 15
\BOOKMARK [2][-]{subsection.1.4.2}{\376\377\000S\000t\000r\000i\000n\000g\000s}{section.1.4}% 16
\BOOKMARK [2][-]{subsection.1.4.3}{\376\377\000C\000o\000n\000c\000a\000t\000e\000n\000a\000t\000i\000o\000n}{section.1.4}% 17
\BOOKMARK [1][-]{section.1.5}{\376\377\000M\000e\000a\000n\000i\000n\000g\000\040\000v\000s\000.\000\040\000F\000o\000r\000m}{chapter.1}% 18
\BOOKMARK [2][-]{subsection.1.5.1}{\376\377\000S\000y\000n\000t\000a\000x\000\040\000a\000n\000d\000\040\000S\000e\000m\000a\000n\000t\000i\000c\000s}{section.1.5}% 19
\BOOKMARK [2][-]{subsection.1.5.2}{\376\377\000W\000h\000y\000\040\000S\000e\000p\000a\000r\000a\000t\000e\000\040\000S\000y\000n\000t\000a\000x\000\040\000a\000n\000d\000\040\000S\000e\000m\000a\000n\000t\000i\000c\000s\000?}{section.1.5}% 20
\BOOKMARK [1][-]{section.1.6}{\376\377\000T\000h\000e\000\040\000A\000x\000i\000o\000m\000a\000t\000i\000c\000\040\000M\000e\000t\000h\000o\000d}{chapter.1}% 21
\BOOKMARK [2][-]{subsection.1.6.1}{\376\377\000W\000h\000a\000t\000\040\000I\000s\000\040\000a\000n\000\040\000A\000x\000i\000o\000m\000?}{section.1.6}% 22
\BOOKMARK [2][-]{subsection.1.6.2}{\376\377\000T\000h\000e\000\040\000A\000x\000i\000o\000m\000a\000t\000i\000c\000\040\000M\000e\000t\000h\000o\000d\000:\000\040\000H\000o\000w\000\040\000I\000t\000\040\000W\000o\000r\000k\000s}{section.1.6}% 23
\BOOKMARK [2][-]{subsection.1.6.3}{\376\377\000W\000h\000y\000\040\000A\000x\000i\000o\000m\000s\000?}{section.1.6}% 24
\BOOKMARK [1][-]{section.1.7}{\376\377\000C\000o\000n\000s\000i\000s\000t\000e\000n\000c\000y\000\040\000a\000n\000d\000\040\000T\000r\000u\000t\000h}{chapter.1}% 25
\BOOKMARK [2][-]{subsection.1.7.1}{\376\377\000C\000a\000n\000\040\000A\000x\000i\000o\000m\000s\000\040\000B\000e\000\040\000W\000r\000o\000n\000g\000?}{section.1.7}% 26
\BOOKMARK [2][-]{subsection.1.7.2}{\376\377\000G\000\366\000d\000e\000l\000'\000s\000\040\000S\000h\000a\000d\000o\000w}{section.1.7}% 27
\BOOKMARK [1][-]{section.1.8}{\376\377\000M\000e\000t\000h\000o\000d\000s\000\040\000o\000f\000\040\000P\000r\000o\000o\000f}{chapter.1}% 28
\BOOKMARK [2][-]{subsection.1.8.1}{\376\377\000D\000i\000r\000e\000c\000t\000\040\000P\000r\000o\000o\000f}{section.1.8}% 29
\BOOKMARK [2][-]{subsection.1.8.2}{\376\377\000P\000r\000o\000o\000f\000\040\000b\000y\000\040\000C\000o\000n\000t\000r\000a\000d\000i\000c\000t\000i\000o\000n}{section.1.8}% 30
\BOOKMARK [2][-]{subsection.1.8.3}{\376\377\000P\000r\000o\000o\000f\000\040\000b\000y\000\040\000C\000o\000n\000t\000r\000a\000p\000o\000s\000i\000t\000i\000v\000e}{section.1.8}% 31
\BOOKMARK [2][-]{subsection.1.8.4}{\376\377\000P\000r\000o\000o\000f\000\040\000b\000y\000\040\000M\000a\000t\000h\000e\000m\000a\000t\000i\000c\000a\000l\000\040\000I\000n\000d\000u\000c\000t\000i\000o\000n}{section.1.8}% 32
\BOOKMARK [2][-]{subsection.1.8.5}{\376\377\000E\000x\000i\000s\000t\000e\000n\000c\000e\000\040\000v\000s\000.\000\040\000U\000n\000i\000q\000u\000e\000n\000e\000s\000s\000\040\000P\000r\000o\000o\000f\000s}{section.1.8}% 33
\BOOKMARK [2][-]{subsection.1.8.6}{\376\377\000C\000o\000n\000s\000t\000r\000u\000c\000t\000i\000v\000e\000\040\000v\000s\000.\000\040\000N\000o\000n\000-\000C\000o\000n\000s\000t\000r\000u\000c\000t\000i\000v\000e\000\040\000P\000r\000o\000o\000f\000s}{section.1.8}% 34
\BOOKMARK [1][-]{section.1.9}{\376\377\000P\000h\000i\000l\000o\000s\000o\000p\000h\000i\000c\000a\000l\000\040\000F\000o\000u\000n\000d\000a\000t\000i\000o\000n\000s\000:\000\040\000C\000l\000a\000s\000s\000i\000c\000a\000l\000\040\000v\000s\000.\000\040\000C\000o\000n\000s\000t\000r\000u\000c\000t\000i\000v\000e\000\040\000M\000a\000t\000h\000e\000m\000a\000t\000i\000c\000s}{chapter.1}% 35
\BOOKMARK [2][-]{subsection.1.9.1}{\376\377\000T\000h\000e\000\040\000L\000a\000w\000\040\000o\000f\000\040\000E\000x\000c\000l\000u\000d\000e\000d\000\040\000M\000i\000d\000d\000l\000e}{section.1.9}% 36
\BOOKMARK [2][-]{subsection.1.9.2}{\376\377\000C\000l\000a\000s\000s\000i\000c\000a\000l\000\040\000M\000a\000t\000h\000e\000m\000a\000t\000i\000c\000s\000\040\000\050\000O\000u\000r\000\040\000A\000p\000p\000r\000o\000a\000c\000h\000\051}{section.1.9}% 37
\BOOKMARK [2][-]{subsection.1.9.3}{\376\377\000C\000o\000n\000s\000t\000r\000u\000c\000t\000i\000v\000e\000\040\000M\000a\000t\000h\000e\000m\000a\000t\000i\000c\000s\000\040\000\050\000T\000h\000e\000\040\000A\000l\000t\000e\000r\000n\000a\000t\000i\000v\000e\000\051}{section.1.9}% 38
\BOOKMARK [2][-]{subsection.1.9.4}{\376\377\000W\000h\000y\000\040\000D\000o\000e\000s\000\040\000T\000h\000i\000s\000\040\000M\000a\000t\000t\000e\000r\000?}{section.1.9}% 39
\BOOKMARK [2][-]{subsection.1.9.5}{\376\377\000G\000\366\000d\000e\000l\000'\000s\000\040\000T\000h\000e\000o\000r\000e\000m\000s\000\040\000R\000e\000v\000i\000s\000i\000t\000e\000d}{section.1.9}% 40
\BOOKMARK [1][-]{section.1.10}{\376\377\000L\000o\000o\000k\000i\000n\000g\000\040\000A\000h\000e\000a\000d}{chapter.1}% 41
\BOOKMARK [0][-]{chapter.2}{\376\377\000P\000r\000o\000p\000o\000s\000i\000t\000i\000o\000n\000a\000l\000\040\000L\000o\000g\000i\000c\000:\000\040\000R\000e\000a\000s\000o\000n\000i\000n\000g\000\040\000w\000i\000t\000h\000\040\000T\000r\000u\000e\000\040\000a\000n\000d\000\040\000F\000a\000l\000s\000e}{}% 42
\BOOKMARK [1][-]{section.2.1}{\376\377\000F\000r\000o\000m\000\040\000I\000n\000t\000u\000i\000t\000i\000o\000n\000\040\000t\000o\000\040\000F\000o\000r\000m\000a\000l\000i\000s\000m}{chapter.2}% 43
\BOOKMARK [2][-]{subsection.2.1.1}{\376\377\000W\000h\000a\000t\000\040\000I\000s\000\040\000a\000\040\000P\000r\000o\000p\000o\000s\000i\000t\000i\000o\000n\000?}{section.2.1}% 44
\BOOKMARK [2][-]{subsection.2.1.2}{\376\377\000B\000u\000i\000l\000d\000i\000n\000g\000\040\000C\000o\000m\000p\000l\000e\000x\000\040\000S\000t\000a\000t\000e\000m\000e\000n\000t\000s}{section.2.1}% 45
\BOOKMARK [2][-]{subsection.2.1.3}{\376\377\000T\000h\000e\000\040\000F\000i\000v\000e\000\040\000C\000o\000n\000n\000e\000c\000t\000i\000v\000e\000s\000\040\000\050\000I\000n\000f\000o\000r\000m\000a\000l\000l\000y\000\051}{section.2.1}% 46
\BOOKMARK [1][-]{section.2.2}{\376\377\000M\000a\000k\000i\000n\000g\000\040\000I\000t\000\040\000F\000o\000r\000m\000a\000l\000:\000\040\000S\000y\000n\000t\000a\000x}{chapter.2}% 47
\BOOKMARK [2][-]{subsection.2.2.1}{\376\377\000T\000h\000e\000\040\000A\000l\000p\000h\000a\000b\000e\000t\000\040\000o\000f\000\040\000P\000r\000o\000p\000o\000s\000i\000t\000i\000o\000n\000a\000l\000\040\000L\000o\000g\000i\000c}{section.2.2}% 48
\BOOKMARK [2][-]{subsection.2.2.2}{\376\377\000W\000e\000l\000l\000-\000F\000o\000r\000m\000e\000d\000\040\000F\000o\000r\000m\000u\000l\000a\000s\000:\000\040\000W\000h\000a\000t\000'\000s\000\040\000L\000e\000g\000a\000l\000?}{section.2.2}% 49
\BOOKMARK [2][-]{subsection.2.2.3}{\376\377\000P\000r\000e\000c\000e\000d\000e\000n\000c\000e\000\040\000R\000u\000l\000e\000s\000\040\000\050\000P\000r\000a\000c\000t\000i\000c\000a\000l\000\040\000N\000o\000t\000a\000t\000i\000o\000n\000\051}{section.2.2}% 50
\BOOKMARK [1][-]{section.2.3}{\376\377\000G\000i\000v\000i\000n\000g\000\040\000M\000e\000a\000n\000i\000n\000g\000:\000\040\000S\000e\000m\000a\000n\000t\000i\000c\000s}{chapter.2}% 51
\BOOKMARK [2][-]{subsection.2.3.1}{\376\377\000T\000r\000u\000t\000h\000\040\000V\000a\000l\000u\000e\000s}{section.2.3}% 52
\BOOKMARK [2][-]{subsection.2.3.2}{\376\377\000T\000r\000u\000t\000h\000\040\000A\000s\000s\000i\000g\000n\000m\000e\000n\000t\000s}{section.2.3}% 53
\BOOKMARK [2][-]{subsection.2.3.3}{\376\377\000T\000r\000u\000t\000h\000\040\000F\000u\000n\000c\000t\000i\000o\000n\000s\000:\000\040\000H\000o\000w\000\040\000C\000o\000n\000n\000e\000c\000t\000i\000v\000e\000s\000\040\000W\000o\000r\000k}{section.2.3}% 54
\BOOKMARK [2][-]{subsection.2.3.4}{\376\377\000T\000r\000u\000t\000h\000\040\000T\000a\000b\000l\000e\000s}{section.2.3}% 55
\BOOKMARK [1][-]{section.2.4}{\376\377\000I\000m\000p\000o\000r\000t\000a\000n\000t\000\040\000F\000o\000r\000m\000u\000l\000a\000s\000\040\000a\000n\000d\000\040\000E\000q\000u\000i\000v\000a\000l\000e\000n\000c\000e\000s}{chapter.2}% 56
\BOOKMARK [2][-]{subsection.2.4.1}{\376\377\000T\000a\000u\000t\000o\000l\000o\000g\000i\000e\000s\000:\000\040\000A\000l\000w\000a\000y\000s\000\040\000T\000r\000u\000e}{section.2.4}% 57
\BOOKMARK [2][-]{subsection.2.4.2}{\376\377\000K\000e\000y\000\040\000L\000o\000g\000i\000c\000a\000l\000\040\000E\000q\000u\000i\000v\000a\000l\000e\000n\000c\000e\000s}{section.2.4}% 58
\BOOKMARK [1][-]{section.2.5}{\376\377\000I\000n\000f\000e\000r\000e\000n\000c\000e\000\040\000R\000u\000l\000e\000s\000:\000\040\000H\000o\000w\000\040\000W\000e\000\040\000R\000e\000a\000s\000o\000n}{chapter.2}% 59
\BOOKMARK [2][-]{subsection.2.5.1}{\376\377\000M\000o\000d\000u\000s\000\040\000P\000o\000n\000e\000n\000s}{section.2.5}% 60
\BOOKMARK [2][-]{subsection.2.5.2}{\376\377\000O\000t\000h\000e\000r\000\040\000I\000n\000f\000e\000r\000e\000n\000c\000e\000\040\000R\000u\000l\000e\000s}{section.2.5}% 61
\BOOKMARK [1][-]{section.2.6}{\376\377\000P\000r\000e\000d\000i\000c\000a\000t\000e\000\040\000L\000o\000g\000i\000c\000:\000\040\000T\000h\000e\000\040\000L\000a\000n\000g\000u\000a\000g\000e\000\040\000o\000f\000\040\000Q\000u\000a\000n\000t\000i\000f\000i\000e\000r\000s}{chapter.2}% 62
\BOOKMARK [2][-]{subsection.2.6.1}{\376\377\000P\000r\000e\000d\000i\000c\000a\000t\000e\000s\000\040\000a\000n\000d\000\040\000V\000a\000r\000i\000a\000b\000l\000e\000s}{section.2.6}% 63
\BOOKMARK [2][-]{subsection.2.6.2}{\376\377\000Q\000u\000a\000n\000t\000i\000f\000i\000e\000r\000s}{section.2.6}% 64
\BOOKMARK [2][-]{subsection.2.6.3}{\376\377\000N\000e\000g\000a\000t\000i\000n\000g\000\040\000Q\000u\000a\000n\000t\000i\000f\000i\000e\000r\000s\000\040\000\050\000D\000e\000\040\000M\000o\000r\000g\000a\000n\000\040\000f\000o\000r\000\040\000L\000o\000g\000i\000c\000\051}{section.2.6}% 65
\BOOKMARK [2][-]{subsection.2.6.4}{\376\377\000B\000o\000u\000n\000d\000e\000d\000\040\000Q\000u\000a\000n\000t\000i\000f\000i\000e\000r\000s}{section.2.6}% 66
\BOOKMARK [1][-]{section.2.7}{\376\377\000F\000i\000r\000s\000t\000-\000O\000r\000d\000e\000r\000\040\000L\000o\000g\000i\000c\000:\000\040\000F\000o\000r\000m\000a\000l\000\040\000S\000y\000n\000t\000a\000x}{chapter.2}% 67
\BOOKMARK [2][-]{subsection.2.7.1}{\376\377\000T\000h\000e\000\040\000L\000a\000n\000g\000u\000a\000g\000e\000\040\000o\000f\000\040\000F\000i\000r\000s\000t\000-\000O\000r\000d\000e\000r\000\040\000L\000o\000g\000i\000c}{section.2.7}% 68
\BOOKMARK [2][-]{subsection.2.7.2}{\376\377\000T\000e\000r\000m\000s\000\040\000a\000n\000d\000\040\000F\000o\000r\000m\000u\000l\000a\000s}{section.2.7}% 69
\BOOKMARK [2][-]{subsection.2.7.3}{\376\377\000F\000r\000e\000e\000\040\000a\000n\000d\000\040\000B\000o\000u\000n\000d\000\040\000V\000a\000r\000i\000a\000b\000l\000e\000s}{section.2.7}% 70
\BOOKMARK [1][-]{section.2.8}{\376\377\000S\000e\000m\000a\000n\000t\000i\000c\000s\000\040\000o\000f\000\040\000F\000i\000r\000s\000t\000-\000O\000r\000d\000e\000r\000\040\000L\000o\000g\000i\000c}{chapter.2}% 71
\BOOKMARK [2][-]{subsection.2.8.1}{\376\377\000M\000o\000d\000e\000l\000s\000\040\000a\000n\000d\000\040\000I\000n\000t\000e\000r\000p\000r\000e\000t\000a\000t\000i\000o\000n\000s}{section.2.8}% 72
\BOOKMARK [2][-]{subsection.2.8.2}{\376\377\000T\000r\000u\000t\000h\000\040\000i\000n\000\040\000a\000\040\000M\000o\000d\000e\000l}{section.2.8}% 73
\BOOKMARK [2][-]{subsection.2.8.3}{\376\377\000V\000a\000l\000i\000d\000i\000t\000y\000,\000\040\000S\000a\000t\000i\000s\000f\000i\000a\000b\000i\000l\000i\000t\000y\000,\000\040\000a\000n\000d\000\040\000L\000o\000g\000i\000c\000a\000l\000\040\000C\000o\000n\000s\000e\000q\000u\000e\000n\000c\000e}{section.2.8}% 74
\BOOKMARK [1][-]{section.2.9}{\376\377\000N\000a\000t\000u\000r\000a\000l\000\040\000D\000e\000d\000u\000c\000t\000i\000o\000n\000:\000\040\000A\000\040\000P\000r\000o\000o\000f\000\040\000S\000y\000s\000t\000e\000m}{chapter.2}% 75
\BOOKMARK [2][-]{subsection.2.9.1}{\376\377\000I\000n\000f\000e\000r\000e\000n\000c\000e\000\040\000R\000u\000l\000e\000s\000\040\000f\000o\000r\000\040\000Q\000u\000a\000n\000t\000i\000f\000i\000e\000r\000s}{section.2.9}% 76
\BOOKMARK [2][-]{subsection.2.9.2}{\376\377\000E\000x\000a\000m\000p\000l\000e\000\040\000P\000r\000o\000o\000f\000\040\000i\000n\000\040\000N\000a\000t\000u\000r\000a\000l\000\040\000D\000e\000d\000u\000c\000t\000i\000o\000n}{section.2.9}% 77
\BOOKMARK [1][-]{section.2.10}{\376\377\000S\000o\000u\000n\000d\000n\000e\000s\000s\000\040\000a\000n\000d\000\040\000C\000o\000m\000p\000l\000e\000t\000e\000n\000e\000s\000s}{chapter.2}% 78
\BOOKMARK [2][-]{subsection.2.10.1}{\376\377\000S\000o\000u\000n\000d\000n\000e\000s\000s\000\040\000T\000h\000e\000o\000r\000e\000m}{section.2.10}% 79
\BOOKMARK [2][-]{subsection.2.10.2}{\376\377\000C\000o\000m\000p\000l\000e\000t\000e\000n\000e\000s\000s\000\040\000T\000h\000e\000o\000r\000e\000m\000\040\000\050\000G\000\366\000d\000e\000l\000,\000\040\0001\0009\0002\0009\000\051}{section.2.10}% 80
\BOOKMARK [2][-]{subsection.2.10.3}{\376\377\000C\000o\000n\000s\000e\000q\000u\000e\000n\000c\000e\000s\000\040\000o\000f\000\040\000C\000o\000m\000p\000l\000e\000t\000e\000n\000e\000s\000s}{section.2.10}% 81
\BOOKMARK [1][-]{section.2.11}{\376\377\000L\000o\000o\000k\000i\000n\000g\000\040\000F\000o\000r\000w\000a\000r\000d}{chapter.2}% 82
\BOOKMARK [0][-]{chapter.3}{\376\377\000S\000e\000t\000\040\000T\000h\000e\000o\000r\000y\000:\000\040\000B\000u\000i\000l\000d\000i\000n\000g\000\040\000t\000h\000e\000\040\000M\000a\000t\000h\000e\000m\000a\000t\000i\000c\000a\000l\000\040\000U\000n\000i\000v\000e\000r\000s\000e}{}% 83
\BOOKMARK [1][-]{section.3.1}{\376\377\000W\000h\000y\000\040\000S\000e\000t\000s\000?}{chapter.3}% 84
\BOOKMARK [2][-]{subsection.3.1.1}{\376\377\000W\000h\000a\000t\000\040\000I\000s\000\040\000a\000\040\000S\000e\000t\000?\000\040\000\050\000N\000a\000i\000v\000e\000l\000y\000\051}{section.3.1}% 85
\BOOKMARK [2][-]{subsection.3.1.2}{\376\377\000B\000a\000s\000i\000c\000\040\000N\000o\000t\000a\000t\000i\000o\000n}{section.3.1}% 86
\BOOKMARK [2][-]{subsection.3.1.3}{\376\377\000K\000e\000y\000\040\000P\000r\000o\000p\000e\000r\000t\000i\000e\000s\000\040\000o\000f\000\040\000S\000e\000t\000s}{section.3.1}% 87
\BOOKMARK [1][-]{section.3.2}{\376\377\000T\000h\000e\000\040\000C\000r\000i\000s\000i\000s\000:\000\040\000R\000u\000s\000s\000e\000l\000l\000'\000s\000\040\000P\000a\000r\000a\000d\000o\000x}{chapter.3}% 88
\BOOKMARK [2][-]{subsection.3.2.1}{\376\377\000S\000e\000t\000s\000\040\000C\000a\000n\000\040\000C\000o\000n\000t\000a\000i\000n\000\040\000S\000e\000t\000s}{section.3.2}% 89
\BOOKMARK [2][-]{subsection.3.2.2}{\376\377\000T\000h\000e\000\040\000P\000a\000r\000a\000d\000o\000x}{section.3.2}% 90
\BOOKMARK [2][-]{subsection.3.2.3}{\376\377\000T\000h\000e\000\040\000B\000a\000r\000b\000e\000r\000\040\000P\000a\000r\000a\000d\000o\000x\000\040\000\050\000A\000n\000a\000l\000o\000g\000y\000\051}{section.3.2}% 91
\BOOKMARK [1][-]{section.3.3}{\376\377\000T\000h\000e\000\040\000S\000o\000l\000u\000t\000i\000o\000n\000:\000\040\000A\000x\000i\000o\000m\000a\000t\000i\000c\000\040\000S\000e\000t\000\040\000T\000h\000e\000o\000r\000y}{chapter.3}% 92
\BOOKMARK [2][-]{subsection.3.3.1}{\376\377\000T\000h\000e\000\040\000A\000x\000i\000o\000m\000a\000t\000i\000c\000\040\000A\000p\000p\000r\000o\000a\000c\000h}{section.3.3}% 93
\BOOKMARK [2][-]{subsection.3.3.2}{\376\377\000T\000h\000e\000\040\000L\000a\000n\000g\000u\000a\000g\000e\000:\000\040\000F\000i\000r\000s\000t\000-\000O\000r\000d\000e\000r\000\040\000L\000o\000g\000i\000c\000\040\000w\000i\000t\000h\000\040}{section.3.3}% 94
\BOOKMARK [1][-]{section.3.4}{\376\377\000T\000h\000e\000\040\000Z\000e\000r\000m\000e\000l\000o\000-\000F\000r\000a\000e\000n\000k\000e\000l\000\040\000A\000x\000i\000o\000m\000s}{chapter.3}% 95
\BOOKMARK [2][-]{subsection.3.4.1}{\376\377\000A\000x\000i\000o\000m\000\040\0001\000:\000\040\000E\000x\000t\000e\000n\000s\000i\000o\000n\000a\000l\000i\000t\000y}{section.3.4}% 96
\BOOKMARK [2][-]{subsection.3.4.2}{\376\377\000A\000x\000i\000o\000m\000\040\0002\000:\000\040\000E\000m\000p\000t\000y\000\040\000S\000e\000t}{section.3.4}% 97
\BOOKMARK [2][-]{subsection.3.4.3}{\376\377\000A\000x\000i\000o\000m\000\040\0003\000:\000\040\000P\000a\000i\000r\000i\000n\000g}{section.3.4}% 98
\BOOKMARK [2][-]{subsection.3.4.4}{\376\377\000A\000x\000i\000o\000m\000\040\0004\000:\000\040\000U\000n\000i\000o\000n}{section.3.4}% 99
\BOOKMARK [2][-]{subsection.3.4.5}{\376\377\000A\000x\000i\000o\000m\000\040\0005\000:\000\040\000P\000o\000w\000e\000r\000\040\000S\000e\000t}{section.3.4}% 100
\BOOKMARK [2][-]{subsection.3.4.6}{\376\377\000A\000x\000i\000o\000m\000\040\0006\000:\000\040\000S\000e\000p\000a\000r\000a\000t\000i\000o\000n\000\040\000\050\000S\000p\000e\000c\000i\000f\000i\000c\000a\000t\000i\000o\000n\000\051}{section.3.4}% 101
\BOOKMARK [2][-]{subsection.3.4.7}{\376\377\000A\000x\000i\000o\000m\000\040\0007\000:\000\040\000I\000n\000f\000i\000n\000i\000t\000y}{section.3.4}% 102
\BOOKMARK [2][-]{subsection.3.4.8}{\376\377\000A\000x\000i\000o\000m\000\040\0008\000:\000\040\000R\000e\000p\000l\000a\000c\000e\000m\000e\000n\000t}{section.3.4}% 103
\BOOKMARK [2][-]{subsection.3.4.9}{\376\377\000A\000x\000i\000o\000m\000\040\0009\000:\000\040\000F\000o\000u\000n\000d\000a\000t\000i\000o\000n\000\040\000\050\000R\000e\000g\000u\000l\000a\000r\000i\000t\000y\000\051}{section.3.4}% 104
\BOOKMARK [2][-]{subsection.3.4.10}{\376\377\000A\000x\000i\000o\000m\000\040\0001\0000\000:\000\040\000C\000h\000o\000i\000c\000e}{section.3.4}% 105
\BOOKMARK [1][-]{section.3.5}{\376\377\000B\000u\000i\000l\000d\000i\000n\000g\000\040\000M\000a\000t\000h\000e\000m\000a\000t\000i\000c\000s\000\040\000f\000r\000o\000m\000\040\000S\000e\000t\000s}{chapter.3}% 106
\BOOKMARK [2][-]{subsection.3.5.1}{\376\377\000D\000e\000f\000i\000n\000i\000n\000g\000\040\000S\000e\000t\000\040\000O\000p\000e\000r\000a\000t\000i\000o\000n\000s}{section.3.5}% 107
\BOOKMARK [2][-]{subsection.3.5.2}{\376\377\000O\000r\000d\000e\000r\000e\000d\000\040\000P\000a\000i\000r\000s\000:\000\040\000A\000\040\000C\000l\000e\000v\000e\000r\000\040\000C\000o\000n\000s\000t\000r\000u\000c\000t\000i\000o\000n}{section.3.5}% 108
\BOOKMARK [2][-]{subsection.3.5.3}{\376\377\000C\000a\000r\000t\000e\000s\000i\000a\000n\000\040\000P\000r\000o\000d\000u\000c\000t}{section.3.5}% 109
\BOOKMARK [1][-]{section.3.6}{\376\377\000L\000o\000o\000k\000i\000n\000g\000\040\000F\000o\000r\000w\000a\000r\000d}{chapter.3}% 110
\BOOKMARK [0][-]{chapter.4}{\376\377\000R\000e\000l\000a\000t\000i\000o\000n\000s\000:\000\040\000T\000h\000e\000\040\000A\000r\000c\000h\000i\000t\000e\000c\000t\000u\000r\000e\000\040\000o\000f\000\040\000S\000t\000r\000u\000c\000t\000u\000r\000e}{}% 111
\BOOKMARK [1][-]{section.4.1}{\376\377\000W\000h\000y\000\040\000R\000e\000l\000a\000t\000i\000o\000n\000s\000?}{chapter.4}% 112
\BOOKMARK [2][-]{subsection.4.1.1}{\376\377\000F\000r\000o\000m\000\040\000S\000e\000t\000s\000\040\000t\000o\000\040\000S\000t\000r\000u\000c\000t\000u\000r\000e}{section.4.1}% 113
\BOOKMARK [1][-]{section.4.2}{\376\377\000R\000e\000l\000a\000t\000i\000o\000n\000s\000:\000\040\000F\000i\000l\000t\000e\000r\000i\000n\000g\000\040\000t\000h\000e\000\040\000U\000n\000i\000v\000e\000r\000s\000e\000\040\000o\000f\000\040\000P\000a\000i\000r\000s}{chapter.4}% 114
\BOOKMARK [2][-]{subsection.4.2.1}{\376\377\000D\000o\000m\000a\000i\000n\000,\000\040\000C\000o\000d\000o\000m\000a\000i\000n\000,\000\040\000a\000n\000d\000\040\000I\000m\000a\000g\000e}{section.4.2}% 115
\BOOKMARK [1][-]{section.4.3}{\376\377\000P\000r\000o\000p\000e\000r\000t\000i\000e\000s\000\040\000o\000f\000\040\000R\000e\000l\000a\000t\000i\000o\000n\000s\000\040\000o\000n\000\040\000a\000\040\000S\000i\000n\000g\000l\000e\000\040\000S\000e\000t}{chapter.4}% 116
\BOOKMARK [1][-]{section.4.4}{\376\377\000E\000q\000u\000i\000v\000a\000l\000e\000n\000c\000e\000\040\000R\000e\000l\000a\000t\000i\000o\000n\000s\000:\000\040\000G\000e\000n\000e\000r\000a\000l\000i\000z\000i\000n\000g\000\040\000E\000q\000u\000a\000l\000i\000t\000y}{chapter.4}% 117
\BOOKMARK [2][-]{subsection.4.4.1}{\376\377\000E\000q\000u\000i\000v\000a\000l\000e\000n\000c\000e\000\040\000C\000l\000a\000s\000s\000e\000s}{section.4.4}% 118
\BOOKMARK [1][-]{section.4.5}{\376\377\000O\000r\000d\000e\000r\000\040\000R\000e\000l\000a\000t\000i\000o\000n\000s\000:\000\040\000H\000i\000e\000r\000a\000r\000c\000h\000i\000e\000s\000\040\000a\000n\000d\000\040\000C\000o\000m\000p\000a\000r\000i\000s\000o\000n\000s}{chapter.4}% 119
\BOOKMARK [2][-]{subsection.4.5.1}{\376\377\000H\000a\000s\000s\000e\000\040\000D\000i\000a\000g\000r\000a\000m\000s}{section.4.5}% 120
\BOOKMARK [2][-]{subsection.4.5.2}{\376\377\000S\000p\000e\000c\000i\000a\000l\000\040\000E\000l\000e\000m\000e\000n\000t\000s\000\040\000i\000n\000\040\000P\000o\000s\000e\000t\000s}{section.4.5}% 121
\BOOKMARK [1][-]{section.4.6}{\376\377\000C\000o\000m\000p\000o\000s\000i\000t\000i\000o\000n\000\040\000o\000f\000\040\000R\000e\000l\000a\000t\000i\000o\000n\000s}{chapter.4}% 122
\BOOKMARK [1][-]{section.4.7}{\376\377\000L\000o\000o\000k\000i\000n\000g\000\040\000F\000o\000r\000w\000a\000r\000d}{chapter.4}% 123
\BOOKMARK [0][-]{chapter.5}{\376\377\000A\000r\000i\000t\000h\000m\000e\000t\000i\000c\000:\000\040\000T\000h\000e\000\040\000C\000o\000n\000s\000t\000r\000u\000c\000t\000i\000o\000n\000\040\000o\000f\000\040\000N\000u\000m\000b\000e\000r\000\040\000S\000y\000s\000t\000e\000m\000s}{}% 124
\BOOKMARK [1][-]{section.5.1}{\376\377\000F\000r\000o\000m\000\040\000S\000e\000t\000s\000\040\000t\000o\000\040\000N\000u\000m\000b\000e\000r\000s}{chapter.5}% 125
\BOOKMARK [1][-]{section.5.2}{\376\377\000A\000r\000i\000t\000h\000m\000e\000t\000i\000c\000\040\000o\000n\000\040\000N\000a\000t\000u\000r\000a\000l\000\040\000N\000u\000m\000b\000e\000r\000s}{chapter.5}% 126
\BOOKMARK [2][-]{subsection.5.2.1}{\376\377\000T\000h\000e\000\040\000P\000r\000i\000n\000c\000i\000p\000l\000e\000\040\000o\000f\000\040\000M\000a\000t\000h\000e\000m\000a\000t\000i\000c\000a\000l\000\040\000I\000n\000d\000u\000c\000t\000i\000o\000n}{section.5.2}% 127
\BOOKMARK [2][-]{subsection.5.2.2}{\376\377\000A\000d\000d\000i\000t\000i\000o\000n}{section.5.2}% 128
\BOOKMARK [2][-]{subsection.5.2.3}{\376\377\000M\000u\000l\000t\000i\000p\000l\000i\000c\000a\000t\000i\000o\000n}{section.5.2}% 129
\BOOKMARK [1][-]{section.5.3}{\376\377\000T\000h\000e\000\040\000I\000n\000t\000e\000g\000e\000r\000s\000:\000\040\000Z}{chapter.5}% 130
\BOOKMARK [2][-]{subsection.5.3.1}{\376\377\000C\000o\000n\000s\000t\000r\000u\000c\000t\000i\000o\000n\000\040\000o\000f\000\040\000Z}{section.5.3}% 131
\BOOKMARK [2][-]{subsection.5.3.2}{\376\377\000A\000r\000i\000t\000h\000m\000e\000t\000i\000c\000\040\000o\000n\000\040\000Z}{section.5.3}% 132
\BOOKMARK [1][-]{section.5.4}{\376\377\000T\000h\000e\000\040\000R\000a\000t\000i\000o\000n\000a\000l\000s\000:\000\040\000Q}{chapter.5}% 133
\BOOKMARK [2][-]{subsection.5.4.1}{\376\377\000C\000o\000n\000s\000t\000r\000u\000c\000t\000i\000o\000n\000\040\000o\000f\000\040\000Q}{section.5.4}% 134
\BOOKMARK [2][-]{subsection.5.4.2}{\376\377\000A\000r\000i\000t\000h\000m\000e\000t\000i\000c\000\040\000o\000n\000\040\000Q}{section.5.4}% 135
\BOOKMARK [1][-]{section.5.5}{\376\377\000S\000u\000m\000m\000a\000r\000y\000:\000\040\000T\000h\000e\000\040\000T\000o\000w\000e\000r\000\040\000o\000f\000\040\000N\000u\000m\000b\000e\000r\000\040\000S\000y\000s\000t\000e\000m\000s}{chapter.5}% 136
\BOOKMARK [1][-]{section.5.6}{\376\377\000L\000o\000o\000k\000i\000n\000g\000\040\000F\000o\000r\000w\000a\000r\000d\000:\000\040\000T\000h\000e\000\040\000R\000e\000a\000l\000\040\000N\000u\000m\000b\000e\000r\000s}{chapter.5}% 137
\BOOKMARK [1][-]{section.5.7}{\376\377\000C\000o\000n\000c\000l\000u\000s\000i\000o\000n}{chapter.5}% 138
\BOOKMARK [0][-]{chapter.6}{\376\377\000F\000u\000n\000c\000t\000i\000o\000n\000s\000:\000\040\000T\000h\000e\000\040\000M\000o\000r\000p\000h\000i\000s\000m\000s\000\040\000o\000f\000\040\000M\000a\000t\000h\000e\000m\000a\000t\000i\000c\000s}{}% 139
\BOOKMARK [1][-]{section.6.1}{\376\377\000F\000r\000o\000m\000\040\000R\000e\000l\000a\000t\000i\000o\000n\000s\000\040\000t\000o\000\040\000F\000u\000n\000c\000t\000i\000o\000n\000s}{chapter.6}% 140
\BOOKMARK [1][-]{section.6.2}{\376\377\000T\000h\000e\000\040\000F\000o\000r\000m\000a\000l\000\040\000D\000e\000f\000i\000n\000i\000t\000i\000o\000n}{chapter.6}% 141
\BOOKMARK [2][-]{subsection.6.2.1}{\376\377\000D\000o\000m\000a\000i\000n\000,\000\040\000C\000o\000d\000o\000m\000a\000i\000n\000,\000\040\000a\000n\000d\000\040\000I\000m\000a\000g\000e}{section.6.2}% 142
\BOOKMARK [1][-]{section.6.3}{\376\377\000T\000y\000p\000e\000s\000\040\000o\000f\000\040\000F\000u\000n\000c\000t\000i\000o\000n\000s\000:\000\040\000I\000n\000j\000e\000c\000t\000i\000o\000n\000s\000,\000\040\000S\000u\000r\000j\000e\000c\000t\000i\000o\000n\000s\000,\000\040\000B\000i\000j\000e\000c\000t\000i\000o\000n\000s}{chapter.6}% 143
\BOOKMARK [2][-]{subsection.6.3.1}{\376\377\000I\000n\000j\000e\000c\000t\000i\000v\000e\000\040\000F\000u\000n\000c\000t\000i\000o\000n\000s\000\040\000\050\000O\000n\000e\000-\000t\000o\000-\000O\000n\000e\000\051}{section.6.3}% 144
\BOOKMARK [2][-]{subsection.6.3.2}{\376\377\000S\000u\000r\000j\000e\000c\000t\000i\000v\000e\000\040\000F\000u\000n\000c\000t\000i\000o\000n\000s\000\040\000\050\000O\000n\000t\000o\000\051}{section.6.3}% 145
\BOOKMARK [2][-]{subsection.6.3.3}{\376\377\000B\000i\000j\000e\000c\000t\000i\000v\000e\000\040\000F\000u\000n\000c\000t\000i\000o\000n\000s\000\040\000\050\000O\000n\000e\000-\000t\000o\000-\000O\000n\000e\000\040\000C\000o\000r\000r\000e\000s\000p\000o\000n\000d\000e\000n\000c\000e\000s\000\051}{section.6.3}% 146
\BOOKMARK [1][-]{section.6.4}{\376\377\000I\000n\000v\000e\000r\000s\000e\000\040\000F\000u\000n\000c\000t\000i\000o\000n\000s}{chapter.6}% 147
\BOOKMARK [1][-]{section.6.5}{\376\377\000I\000m\000a\000g\000e\000s\000\040\000a\000n\000d\000\040\000P\000r\000e\000i\000m\000a\000g\000e\000s\000\040\000o\000f\000\040\000S\000e\000t\000s}{chapter.6}% 148
\BOOKMARK [1][-]{section.6.6}{\376\377\000C\000o\000m\000p\000o\000s\000i\000t\000i\000o\000n\000\040\000o\000f\000\040\000F\000u\000n\000c\000t\000i\000o\000n\000s}{chapter.6}% 149
\BOOKMARK [2][-]{subsection.6.6.1}{\376\377\000P\000r\000o\000p\000e\000r\000t\000i\000e\000s\000\040\000o\000f\000\040\000C\000o\000m\000p\000o\000s\000i\000t\000i\000o\000n}{section.6.6}% 150
\BOOKMARK [1][-]{section.6.7}{\376\377\000S\000p\000e\000c\000i\000a\000l\000\040\000C\000l\000a\000s\000s\000e\000s\000\040\000o\000f\000\040\000F\000u\000n\000c\000t\000i\000o\000n\000s}{chapter.6}% 151
\BOOKMARK [2][-]{subsection.6.7.1}{\376\377\000C\000o\000n\000s\000t\000a\000n\000t\000\040\000F\000u\000n\000c\000t\000i\000o\000n\000s}{section.6.7}% 152
\BOOKMARK [2][-]{subsection.6.7.2}{\376\377\000I\000n\000c\000l\000u\000s\000i\000o\000n\000\040\000M\000a\000p\000s}{section.6.7}% 153
\BOOKMARK [2][-]{subsection.6.7.3}{\376\377\000R\000e\000s\000t\000r\000i\000c\000t\000i\000o\000n\000s\000\040\000a\000n\000d\000\040\000E\000x\000t\000e\000n\000s\000i\000o\000n\000s}{section.6.7}% 154
\BOOKMARK [1][-]{section.6.8}{\376\377\000F\000u\000n\000c\000t\000i\000o\000n\000s\000\040\000a\000n\000d\000\040\000C\000a\000r\000d\000i\000n\000a\000l\000i\000t\000y}{chapter.6}% 155
\BOOKMARK [1][-]{section.6.9}{\376\377\000L\000o\000o\000k\000i\000n\000g\000\040\000F\000o\000r\000w\000a\000r\000d}{chapter.6}% 156
\BOOKMARK [0][-]{chapter.7}{\376\377\000C\000a\000r\000d\000i\000n\000a\000l\000i\000t\000y\000:\000\040\000M\000e\000a\000s\000u\000r\000i\000n\000g\000\040\000t\000h\000e\000\040\000I\000n\000f\000i\000n\000i\000t\000e}{}% 157
\BOOKMARK [1][-]{section.7.1}{\376\377\000T\000h\000e\000\040\000P\000r\000o\000b\000l\000e\000m\000\040\000o\000f\000\040\000I\000n\000f\000i\000n\000i\000t\000e\000\040\000S\000i\000z\000e}{chapter.7}% 158
\BOOKMARK [1][-]{section.7.2}{\376\377\000C\000a\000r\000d\000i\000n\000a\000l\000i\000t\000y\000:\000\040\000T\000h\000e\000\040\000F\000o\000r\000m\000a\000l\000\040\000D\000e\000f\000i\000n\000i\000t\000i\000o\000n}{chapter.7}% 159
\BOOKMARK [1][-]{section.7.3}{\376\377\000C\000o\000u\000n\000t\000a\000b\000l\000e\000\040\000S\000e\000t\000s\000:\000\040\000T\000h\000e\000\040\000S\000m\000a\000l\000l\000e\000s\000t\000\040\000I\000n\000f\000i\000n\000i\000t\000y}{chapter.7}% 160
\BOOKMARK [2][-]{subsection.7.3.1}{\376\377\000T\000h\000e\000\040\000I\000n\000t\000e\000g\000e\000r\000s\000\040\000a\000r\000e\000\040\000C\000o\000u\000n\000t\000a\000b\000l\000e}{section.7.3}% 161
\BOOKMARK [2][-]{subsection.7.3.2}{\376\377\000C\000a\000r\000t\000e\000s\000i\000a\000n\000\040\000P\000r\000o\000d\000u\000c\000t\000s\000\040\000o\000f\000\040\000C\000o\000u\000n\000t\000a\000b\000l\000e\000\040\000S\000e\000t\000s}{section.7.3}% 162
\BOOKMARK [2][-]{subsection.7.3.3}{\376\377\000T\000h\000e\000\040\000R\000a\000t\000i\000o\000n\000a\000l\000s\000\040\000a\000r\000e\000\040\000C\000o\000u\000n\000t\000a\000b\000l\000e}{section.7.3}% 163
\BOOKMARK [1][-]{section.7.4}{\376\377\000C\000a\000n\000t\000o\000r\000'\000s\000\040\000D\000i\000a\000g\000o\000n\000a\000l\000\040\000A\000r\000g\000u\000m\000e\000n\000t\000:\000\040\000T\000h\000e\000\040\000R\000e\000a\000l\000s\000\040\000a\000r\000e\000\040\000U\000n\000c\000o\000u\000n\000t\000a\000b\000l\000e}{chapter.7}% 164
\BOOKMARK [1][-]{section.7.5}{\376\377\000T\000h\000e\000\040\000P\000o\000w\000e\000r\000\040\000S\000e\000t\000\040\000T\000h\000e\000o\000r\000e\000m\000:\000\040\000I\000n\000f\000i\000n\000i\000t\000e\000l\000y\000\040\000M\000a\000n\000y\000\040\000I\000n\000f\000i\000n\000i\000t\000i\000e\000s}{chapter.7}% 165
\BOOKMARK [1][-]{section.7.6}{\376\377\000T\000h\000e\000\040\000S\000c\000h\000r\000\366\000d\000e\000r\000-\000B\000e\000r\000n\000s\000t\000e\000i\000n\000\040\000T\000h\000e\000o\000r\000e\000m}{chapter.7}% 166
\BOOKMARK [1][-]{section.7.7}{\376\377\000C\000a\000r\000d\000i\000n\000a\000l\000\040\000A\000r\000i\000t\000h\000m\000e\000t\000i\000c}{chapter.7}% 167
\BOOKMARK [2][-]{subsection.7.7.1}{\376\377\000A\000d\000d\000i\000t\000i\000o\000n\000\040\000a\000n\000d\000\040\000M\000u\000l\000t\000i\000p\000l\000i\000c\000a\000t\000i\000o\000n}{section.7.7}% 168
\BOOKMARK [2][-]{subsection.7.7.2}{\376\377\000T\000h\000e\000\040\000C\000o\000n\000t\000i\000n\000u\000u\000m\000\040\000H\000y\000p\000o\000t\000h\000e\000s\000i\000s}{section.7.7}% 169
\BOOKMARK [1][-]{section.7.8}{\376\377\000A\000p\000p\000l\000i\000c\000a\000t\000i\000o\000n\000s\000\040\000a\000n\000d\000\040\000I\000m\000p\000l\000i\000c\000a\000t\000i\000o\000n\000s}{chapter.7}% 170
\BOOKMARK [1][-]{section.7.9}{\376\377\000L\000o\000o\000k\000i\000n\000g\000\040\000F\000o\000r\000w\000a\000r\000d}{chapter.7}% 171
\BOOKMARK [0][-]{chapter.8}{\376\377\000T\000h\000e\000\040\000R\000e\000a\000l\000\040\000N\000u\000m\000b\000e\000r\000s\000:\000\040\000C\000o\000m\000p\000l\000e\000t\000i\000n\000g\000\040\000t\000h\000e\000\040\000L\000i\000n\000e}{}% 172
\BOOKMARK [1][-]{section.8.1}{\376\377\000T\000h\000e\000\040\000C\000r\000i\000s\000i\000s\000\040\000o\000f\000\040\000I\000n\000c\000o\000m\000p\000l\000e\000t\000e\000n\000e\000s\000s}{chapter.8}% 173
\BOOKMARK [1][-]{section.8.2}{\376\377\000D\000e\000d\000e\000k\000i\000n\000d\000\040\000C\000u\000t\000s\000:\000\040\000C\000o\000n\000s\000t\000r\000u\000c\000t\000i\000n\000g\000\040\000t\000h\000e\000\040\000C\000o\000n\000t\000i\000n\000u\000u\000m}{chapter.8}% 174
\BOOKMARK [1][-]{section.8.3}{\376\377\000O\000r\000d\000e\000r\000i\000n\000g\000\040\000t\000h\000e\000\040\000R\000e\000a\000l\000s}{chapter.8}% 175
\BOOKMARK [1][-]{section.8.4}{\376\377\000A\000r\000i\000t\000h\000m\000e\000t\000i\000c\000\040\000o\000n\000\040\000R}{chapter.8}% 176
\BOOKMARK [2][-]{subsection.8.4.1}{\376\377\000A\000d\000d\000i\000t\000i\000o\000n}{section.8.4}% 177
\BOOKMARK [2][-]{subsection.8.4.2}{\376\377\000M\000u\000l\000t\000i\000p\000l\000i\000c\000a\000t\000i\000o\000n}{section.8.4}% 178
\BOOKMARK [1][-]{section.8.5}{\376\377\000A\000b\000s\000o\000l\000u\000t\000e\000\040\000V\000a\000l\000u\000e\000\040\000a\000n\000d\000\040\000D\000i\000s\000t\000a\000n\000c\000e}{chapter.8}% 179
\BOOKMARK [1][-]{section.8.6}{\376\377\000T\000o\000p\000o\000l\000o\000g\000y\000\040\000o\000f\000\040\000t\000h\000e\000\040\000R\000e\000a\000l\000\040\000L\000i\000n\000e}{chapter.8}% 180
\BOOKMARK [1][-]{section.8.7}{\376\377\000T\000h\000e\000\040\000C\000o\000m\000p\000l\000e\000t\000e\000n\000e\000s\000s\000\040\000A\000x\000i\000o\000m}{chapter.8}% 181
\BOOKMARK [1][-]{section.8.8}{\376\377\000D\000e\000n\000s\000i\000t\000y\000\040\000o\000f\000\040\000R\000a\000t\000i\000o\000n\000a\000l\000s}{chapter.8}% 182
\BOOKMARK [1][-]{section.8.9}{\376\377\000L\000o\000o\000k\000i\000n\000g\000\040\000F\000o\000r\000w\000a\000r\000d}{chapter.8}% 183
\BOOKMARK [0][-]{chapter.9}{\376\377\000S\000e\000q\000u\000e\000n\000c\000e\000s\000\040\000a\000n\000d\000\040\000C\000o\000n\000v\000e\000r\000g\000e\000n\000c\000e\000:\000\040\000T\000h\000e\000\040\000F\000o\000u\000n\000d\000a\000t\000i\000o\000n\000\040\000o\000f\000\040\000A\000n\000a\000l\000y\000s\000i\000s}{}% 184
\BOOKMARK [1][-]{section.9.1}{\376\377\000F\000r\000o\000m\000\040\000N\000u\000m\000b\000e\000r\000s\000\040\000t\000o\000\040\000P\000r\000o\000c\000e\000s\000s\000e\000s}{chapter.9}% 185
\BOOKMARK [1][-]{section.9.2}{\376\377\000S\000e\000q\000u\000e\000n\000c\000e\000s\000:\000\040\000I\000n\000f\000i\000n\000i\000t\000e\000\040\000O\000r\000d\000e\000r\000e\000d\000\040\000L\000i\000s\000t\000s}{chapter.9}% 186
\BOOKMARK [1][-]{section.9.3}{\376\377\000C\000o\000n\000v\000e\000r\000g\000e\000n\000c\000e\000:\000\040\000M\000a\000k\000i\000n\000g\000\040\000`\000`\000A\000p\000p\000r\000o\000a\000c\000h\000e\000s\000'\000'\000\040\000P\000r\000e\000c\000i\000s\000e}{chapter.9}% 187
\BOOKMARK [1][-]{section.9.4}{\376\377\000P\000r\000o\000p\000e\000r\000t\000i\000e\000s\000\040\000o\000f\000\040\000L\000i\000m\000i\000t\000s}{chapter.9}% 188
\BOOKMARK [1][-]{section.9.5}{\376\377\000M\000o\000n\000o\000t\000o\000n\000e\000\040\000S\000e\000q\000u\000e\000n\000c\000e\000s\000\040\000a\000n\000d\000\040\000B\000o\000u\000n\000d\000e\000d\000n\000e\000s\000s}{chapter.9}% 189
\BOOKMARK [1][-]{section.9.6}{\376\377\000C\000a\000u\000c\000h\000y\000\040\000S\000e\000q\000u\000e\000n\000c\000e\000s}{chapter.9}% 190
\BOOKMARK [1][-]{section.9.7}{\376\377\000S\000u\000b\000s\000e\000q\000u\000e\000n\000c\000e\000s\000\040\000a\000n\000d\000\040\000B\000o\000l\000z\000a\000n\000o\000-\000W\000e\000i\000e\000r\000s\000t\000r\000a\000s\000s}{chapter.9}% 191
\BOOKMARK [1][-]{section.9.8}{\376\377\000S\000e\000r\000i\000e\000s\000:\000\040\000I\000n\000f\000i\000n\000i\000t\000e\000\040\000S\000u\000m\000s}{chapter.9}% 192
\BOOKMARK [1][-]{section.9.9}{\376\377\000L\000o\000o\000k\000i\000n\000g\000\040\000F\000o\000r\000w\000a\000r\000d\000:\000\040\000C\000o\000n\000t\000i\000n\000u\000i\000t\000y\000\040\000a\000n\000d\000\040\000C\000a\000l\000c\000u\000l\000u\000s}{chapter.9}% 193
\BOOKMARK [0][-]{chapter.10}{\376\377\000C\000o\000n\000t\000i\000n\000u\000i\000t\000y\000:\000\040\000F\000u\000n\000c\000t\000i\000o\000n\000s\000\040\000t\000h\000a\000t\000\040\000P\000r\000e\000s\000e\000r\000v\000e\000\040\000C\000l\000o\000s\000e\000n\000e\000s\000s}{}% 194
\BOOKMARK [1][-]{section.10.1}{\376\377\000F\000r\000o\000m\000\040\000S\000e\000q\000u\000e\000n\000c\000e\000s\000\040\000t\000o\000\040\000F\000u\000n\000c\000t\000i\000o\000n\000s}{chapter.10}% 195
\BOOKMARK [1][-]{section.10.2}{\376\377\000C\000o\000n\000t\000i\000n\000u\000i\000t\000y\000\040\000a\000t\000\040\000a\000\040\000P\000o\000i\000n\000t}{chapter.10}% 196
\BOOKMARK [1][-]{section.10.3}{\376\377\000T\000h\000e\000\040\000-\000\040\000D\000e\000f\000i\000n\000i\000t\000i\000o\000n}{chapter.10}% 197
\BOOKMARK [1][-]{section.10.4}{\376\377\000C\000o\000n\000t\000i\000n\000u\000o\000u\000s\000\040\000F\000u\000n\000c\000t\000i\000o\000n\000s}{chapter.10}% 198
\BOOKMARK [1][-]{section.10.5}{\376\377\000T\000h\000e\000\040\000I\000n\000t\000e\000r\000m\000e\000d\000i\000a\000t\000e\000\040\000V\000a\000l\000u\000e\000\040\000T\000h\000e\000o\000r\000e\000m}{chapter.10}% 199
\BOOKMARK [1][-]{section.10.6}{\376\377\000T\000h\000e\000\040\000E\000x\000t\000r\000e\000m\000e\000\040\000V\000a\000l\000u\000e\000\040\000T\000h\000e\000o\000r\000e\000m}{chapter.10}% 200
\BOOKMARK [1][-]{section.10.7}{\376\377\000U\000n\000i\000f\000o\000r\000m\000\040\000C\000o\000n\000t\000i\000n\000u\000i\000t\000y}{chapter.10}% 201
\BOOKMARK [1][-]{section.10.8}{\376\377\000L\000o\000o\000k\000i\000n\000g\000\040\000F\000o\000r\000w\000a\000r\000d\000:\000\040\000D\000i\000f\000f\000e\000r\000e\000n\000t\000i\000a\000t\000i\000o\000n}{chapter.10}% 202
\BOOKMARK [0][-]{chapter.11}{\376\377\000D\000i\000f\000f\000e\000r\000e\000n\000t\000i\000a\000t\000i\000o\000n\000:\000\040\000I\000n\000s\000t\000a\000n\000t\000a\000n\000e\000o\000u\000s\000\040\000R\000a\000t\000e\000\040\000o\000f\000\040\000C\000h\000a\000n\000g\000e}{}% 203
\BOOKMARK [1][-]{section.11.1}{\376\377\000F\000r\000o\000m\000\040\000C\000o\000n\000t\000i\000n\000u\000i\000t\000y\000\040\000t\000o\000\040\000D\000i\000f\000f\000e\000r\000e\000n\000t\000i\000a\000b\000i\000l\000i\000t\000y}{chapter.11}% 204
\BOOKMARK [1][-]{section.11.2}{\376\377\000T\000h\000e\000\040\000D\000e\000r\000i\000v\000a\000t\000i\000v\000e\000:\000\040\000D\000e\000f\000i\000n\000i\000t\000i\000o\000n\000\040\000a\000n\000d\000\040\000I\000n\000t\000e\000r\000p\000r\000e\000t\000a\000t\000i\000o\000n}{chapter.11}% 205
\BOOKMARK [1][-]{section.11.3}{\376\377\000D\000i\000f\000f\000e\000r\000e\000n\000t\000i\000a\000b\000i\000l\000i\000t\000y\000\040\000I\000m\000p\000l\000i\000e\000s\000\040\000C\000o\000n\000t\000i\000n\000u\000i\000t\000y}{chapter.11}% 206
\BOOKMARK [1][-]{section.11.4}{\376\377\000D\000i\000f\000f\000e\000r\000e\000n\000t\000i\000a\000t\000i\000o\000n\000\040\000R\000u\000l\000e\000s}{chapter.11}% 207
\BOOKMARK [1][-]{section.11.5}{\376\377\000T\000h\000e\000\040\000M\000e\000a\000n\000\040\000V\000a\000l\000u\000e\000\040\000T\000h\000e\000o\000r\000e\000m}{chapter.11}% 208
\BOOKMARK [1][-]{section.11.6}{\376\377\000C\000o\000n\000s\000e\000q\000u\000e\000n\000c\000e\000s\000\040\000o\000f\000\040\000t\000h\000e\000\040\000M\000e\000a\000n\000\040\000V\000a\000l\000u\000e\000\040\000T\000h\000e\000o\000r\000e\000m}{chapter.11}% 209
\BOOKMARK [1][-]{section.11.7}{\376\377\000H\000i\000g\000h\000e\000r\000\040\000D\000e\000r\000i\000v\000a\000t\000i\000v\000e\000s\000\040\000a\000n\000d\000\040\000C\000o\000n\000c\000a\000v\000i\000t\000y}{chapter.11}% 210
\BOOKMARK [1][-]{section.11.8}{\376\377\000L\000'\000H\000\364\000p\000i\000t\000a\000l\000'\000s\000\040\000R\000u\000l\000e}{chapter.11}% 211
\BOOKMARK [1][-]{section.11.9}{\376\377\000L\000o\000o\000k\000i\000n\000g\000\040\000F\000o\000r\000w\000a\000r\000d\000:\000\040\000I\000n\000t\000e\000g\000r\000a\000t\000i\000o\000n}{chapter.11}% 212
\BOOKMARK [0][-]{chapter.12}{\376\377\000I\000n\000t\000e\000g\000r\000a\000t\000i\000o\000n\000:\000\040\000T\000h\000e\000\040\000F\000u\000n\000d\000a\000m\000e\000n\000t\000a\000l\000\040\000T\000h\000e\000o\000r\000e\000m\000\040\000o\000f\000\040\000C\000a\000l\000c\000u\000l\000u\000s}{}% 213
\BOOKMARK [1][-]{section.12.1}{\376\377\000F\000r\000o\000m\000\040\000D\000i\000f\000f\000e\000r\000e\000n\000t\000i\000a\000t\000i\000o\000n\000\040\000t\000o\000\040\000I\000n\000t\000e\000g\000r\000a\000t\000i\000o\000n}{chapter.12}% 214
\BOOKMARK [1][-]{section.12.2}{\376\377\000T\000h\000e\000\040\000R\000i\000e\000m\000a\000n\000n\000\040\000I\000n\000t\000e\000g\000r\000a\000l\000:\000\040\000D\000e\000f\000i\000n\000i\000t\000i\000o\000n}{chapter.12}% 215
\BOOKMARK [1][-]{section.12.3}{\376\377\000P\000r\000o\000p\000e\000r\000t\000i\000e\000s\000\040\000o\000f\000\040\000t\000h\000e\000\040\000I\000n\000t\000e\000g\000r\000a\000l}{chapter.12}% 216
\BOOKMARK [1][-]{section.12.4}{\376\377\000T\000h\000e\000\040\000F\000u\000n\000d\000a\000m\000e\000n\000t\000a\000l\000\040\000T\000h\000e\000o\000r\000e\000m\000\040\000o\000f\000\040\000C\000a\000l\000c\000u\000l\000u\000s}{chapter.12}% 217
\BOOKMARK [1][-]{section.12.5}{\376\377\000I\000n\000t\000e\000g\000r\000a\000t\000i\000o\000n\000\040\000T\000e\000c\000h\000n\000i\000q\000u\000e\000s}{chapter.12}% 218
\BOOKMARK [1][-]{section.12.6}{\376\377\000A\000p\000p\000l\000i\000c\000a\000t\000i\000o\000n\000s\000\040\000o\000f\000\040\000I\000n\000t\000e\000g\000r\000a\000t\000i\000o\000n}{chapter.12}% 219
\BOOKMARK [1][-]{section.12.7}{\376\377\000I\000m\000p\000r\000o\000p\000e\000r\000\040\000I\000n\000t\000e\000g\000r\000a\000l\000s}{chapter.12}% 220
\BOOKMARK [1][-]{section.12.8}{\376\377\000L\000o\000o\000k\000i\000n\000g\000\040\000F\000o\000r\000w\000a\000r\000d\000:\000\040\000C\000o\000m\000p\000l\000e\000x\000\040\000N\000u\000m\000b\000e\000r\000s\000\040\000a\000n\000d\000\040\000B\000e\000y\000o\000n\000d}{chapter.12}% 221
\BOOKMARK [0][-]{section*.5}{\376\377\000I\000n\000d\000e\000x}{}% 222
